c:\esenthel\thirdpartylibs\heif\bin\libheif\heif.dir\release\nclx.obj
c:\esenthel\thirdpartylibs\heif\bin\libheif\heif.dir\release\heif_plugin.obj
c:\esenthel\thirdpartylibs\heif\bin\libheif\heif.dir\release\heif_plugin_registry.obj
c:\esenthel\thirdpartylibs\heif\bin\libheif\heif.dir\release\heif_colorconversion.obj
c:\esenthel\thirdpartylibs\heif\bin\libheif\heif.dir\release\heif_avif.obj
c:\esenthel\thirdpartylibs\heif\bin\libheif\heif.dir\release\heif_hevc.obj
c:\esenthel\thirdpartylibs\heif\bin\libheif\heif.dir\release\heif_image.obj
c:\esenthel\thirdpartylibs\heif\bin\libheif\heif.dir\release\heif_file.obj
c:\esenthel\thirdpartylibs\heif\bin\libheif\heif.dir\release\heif_context.obj
c:\esenthel\thirdpartylibs\heif\bin\libheif\heif.dir\release\heif.obj
c:\esenthel\thirdpartylibs\heif\bin\libheif\heif.dir\release\error.obj
c:\esenthel\thirdpartylibs\heif\bin\libheif\heif.dir\release\box.obj
c:\esenthel\thirdpartylibs\heif\bin\libheif\heif.dir\release\bitstream.obj
c:\esenthel\thirdpartylibs\heif\bin\libheif\heif.dir\release\heif_encoder_x265.obj
c:\esenthel\thirdpartylibs\heif\bin\libheif\cmakefiles\generate.stamp
c:\esenthel\thirdpartylibs\heif\bin\libheif\release\heif.lib
c:\esenthel\thirdpartylibs\heif\bin\libheif\heif.dir\release\heif.tlog\cl.command.1.tlog
c:\esenthel\thirdpartylibs\heif\bin\libheif\heif.dir\release\heif.tlog\cl.read.1.tlog
c:\esenthel\thirdpartylibs\heif\bin\libheif\heif.dir\release\heif.tlog\cl.write.1.tlog
c:\esenthel\thirdpartylibs\heif\bin\libheif\heif.dir\release\heif.tlog\custombuild.command.1.tlog
c:\esenthel\thirdpartylibs\heif\bin\libheif\heif.dir\release\heif.tlog\custombuild.read.1.tlog
c:\esenthel\thirdpartylibs\heif\bin\libheif\heif.dir\release\heif.tlog\custombuild.write.1.tlog
c:\esenthel\thirdpartylibs\heif\bin\libheif\heif.dir\release\heif.tlog\lib-link.read.1.tlog
c:\esenthel\thirdpartylibs\heif\bin\libheif\heif.dir\release\heif.tlog\lib-link.write.1.tlog
c:\esenthel\thirdpartylibs\heif\bin\libheif\heif.dir\release\heif.tlog\lib.command.1.tlog
